**********************
Début de la transcription Windows PowerShell
Heure de début : 20260307000003
Nom d'utilisateur : ORDI-LOUIS\louis
Utilisateur runAs :  ORDI-LOUIS\louis
Nom de la configuration : 
Ordinateur : ORDI-LOUIS (Microsoft Windows NT 10.0.26200.0)
Application hôte : powershell.exe -NoProfile -ExecutionPolicy Bypass -File C:\Users\louis\Desktop\buildProject\garmin crawler\run-nightly-crawler.ps1
ID de processus : 74116
PSVersion: 5.1.26100.7705
PSEdition: Desktop
PSCompatibleVersions: 1.0, 2.0, 3.0, 4.0, 5.0, 5.1.26100.7705
BuildVersion: 10.0.26100.7705
CLRVersion: 4.0.30319.42000
WSManStackVersion: 3.0
PSRemotingProtocolVersion: 2.3
SerializationVersion: 1.1.0.1
**********************
Nightly crawler start: 2026-03-07T00:00:03
Ensuring Chrome remote debugging session is available...
Chrome DevTools est deja disponible sur le port 9222.
{
   "Browser": "Chrome/145.0.7632.160",
   "Protocol-Version": "1.3",
   "User-Agent": "Mozilla/5.0 (Windows NT 10.0; Win64; x64) AppleWebKit/537.36 (KHTML, like Gecko) Chrome/145.0.0.0 Safa
ri/537.36",
   "V8-Version": "14.5.201.17",
   "WebKit-Version": "537.36 (@662e0d7961bd91ebe77fe6c52f369e45647af51c)",
   "webSocketDebuggerUrl": "ws://127.0.0.1:9222/devtools/browser/a172d06c-9f03-406f-ad4f-8cded03c1d65"
}
Running Garmin crawler...

> garmin-crawler@1.0.0 crawl
> node crawler.js --activity-limit 50

Connecting to Chrome on http://127.0.0.1:9222...
Opening Garmin Connect...
Checking Garmin authentication...
Garmin session not ready yet. Sign in in the opened Chrome window if needed. Waiting up to 5 minutes...
Garmin authentication was not detected within 5 minutes. Last error: Impossible de recuperer le profil Garmin: https://c
onnect.garmin.com/gc-api/userprofile-service/socialProfile -> Failed to fetch
**********************
Fin de la transcription Windows PowerShell
Heure de fin : 20260307000508
**********************
