**********************
Début de la transcription Windows PowerShell
Heure de début : 20260321000003
Nom d'utilisateur : ORDI-LOUIS\louis
Utilisateur runAs :  ORDI-LOUIS\louis
Nom de la configuration : 
Ordinateur : ORDI-LOUIS (Microsoft Windows NT 10.0.26200.0)
Application hôte : powershell.exe -NoProfile -ExecutionPolicy Bypass -File C:\Users\louis\Desktop\buildProject\garmin crawler\run-nightly-crawler.ps1
ID de processus : 58128
PSVersion: 5.1.26100.7920
PSEdition: Desktop
PSCompatibleVersions: 1.0, 2.0, 3.0, 4.0, 5.0, 5.1.26100.7920
BuildVersion: 10.0.26100.7920
CLRVersion: 4.0.30319.42000
WSManStackVersion: 3.0
PSRemotingProtocolVersion: 2.3
SerializationVersion: 1.1.0.1
**********************
Nightly crawler start: 2026-03-21T00:00:03
Running Garmin crawler...
Fetching activity detail 21792581665...
Fetching activity detail 21782431401...
Fetching activity detail 21771869808...
Fetching activity detail 21763415719...
Fetching activity detail 21751908125...
Fetching activity detail 21743341285...
Fetching activity detail 21721024770...
Fetching activity detail 21702019220...
Fetching activity detail 21691695276...
Fetching activity detail 21690204315...
Fetching activity detail 21674587488...
Fetching activity detail 21674370369...
Fetching activity detail 21670168661...
Fetching daily data for 2026-03-13...
Fetching daily data for 2026-03-14...
Fetching daily data for 2026-03-15...
Fetching daily data for 2026-03-16...
Fetching daily data for 2026-03-17...
Fetching daily data for 2026-03-18...
Fetching daily data for 2026-03-19...
Fetching daily data for 2026-03-20...
Export complete: C:\Users\louis\Desktop\buildProject\garmin crawler\exports\2026-03-20T23-00-09-562Z
npm notice
npm notice New major version of npm available! 10.9.4 -> 11.12.0
npm notice Changelog: https://github.com/npm/cli/releases/tag/v11.12.0
npm notice To update run: npm install -g npm@11.12.0
npm notice
PS>Erreur de terminaison (Push-Location) : « L’exécution de la commande s’est arrêtée, car la variable de préférence « ErrorActionPreference » ou le paramètre courant a la valeur Stop : Impossible de trouver le chemin d'accès « C:\Users\louis\Desktop\buildProject\portfolio\portFolio », car il n'existe pas. »
**********************
Fin de la transcription Windows PowerShell
Heure de fin : 20260321000039
**********************
