**********************
Début de la transcription Windows PowerShell
Heure de début : 20260423010002
Nom d'utilisateur : ORDI-LOUIS\louis
Utilisateur runAs :  ORDI-LOUIS\louis
Nom de la configuration : 
Ordinateur : ORDI-LOUIS (Microsoft Windows NT 10.0.26200.0)
Application hôte : powershell.exe -NoProfile -ExecutionPolicy Bypass -File C:\Users\louis\Desktop\buildProject\garmin crawler\run-nightly-crawler.ps1
ID de processus : 29656
PSVersion: 5.1.26100.8115
PSEdition: Desktop
PSCompatibleVersions: 1.0, 2.0, 3.0, 4.0, 5.0, 5.1.26100.8115
BuildVersion: 10.0.26100.8115
CLRVersion: 4.0.30319.42000
WSManStackVersion: 3.0
PSRemotingProtocolVersion: 2.3
SerializationVersion: 1.1.0.1
**********************
Nightly crawler start: 2026-04-23T01:00:02
Running Garmin crawler...
Fetching activity detail 22217708977...
Fetching activity detail 22206472893...
Fetching activity detail 22193897810...
Fetching activity detail 22186139014...
Fetching activity detail 22180786557...
Fetching activity detail 22171838249...
Fetching activity detail 22150456806...
Fetching activity detail 22140545316...
Fetching activity detail 22129380750...
Fetching activity detail 22119281327...
Fetching activity detail 22117315714...
Fetching activity detail 22088421048...
Fetching activity detail 22082787958...
Fetching activity detail 22074499290...
Fetching activity detail 22063578791...
Fetching activity detail 22049495080...
Fetching activity detail 22036980547...
Fetching activity detail 22012530156...
Fetching daily data for 2026-04-15...
Fetching daily data for 2026-04-16...
Fetching daily data for 2026-04-17...
Fetching daily data for 2026-04-18...
Fetching daily data for 2026-04-19...
Fetching daily data for 2026-04-20...
Fetching daily data for 2026-04-21...
Fetching daily data for 2026-04-22...
Export complete: C:\Users\louis\Desktop\buildProject\garmin crawler\exports\2026-04-22T23-00-04-353Z
PS>Erreur de terminaison (Push-Location) : « L’exécution de la commande s’est arrêtée, car la variable de préférence « ErrorActionPreference » ou le paramètre courant a la valeur Stop : Impossible de trouver le chemin d'accès « C:\Users\louis\Desktop\buildProject\portfolio\portFolio », car il n'existe pas. »
**********************
Fin de la transcription Windows PowerShell
Heure de fin : 20260423010028
**********************
