**********************
Début de la transcription Windows PowerShell
Heure de début : 20260414010003
Nom d'utilisateur : ORDI-LOUIS\louis
Utilisateur runAs :  ORDI-LOUIS\louis
Nom de la configuration : 
Ordinateur : ORDI-LOUIS (Microsoft Windows NT 10.0.26200.0)
Application hôte : powershell.exe -NoProfile -ExecutionPolicy Bypass -File C:\Users\louis\Desktop\buildProject\garmin crawler\run-nightly-crawler.ps1
ID de processus : 36960
PSVersion: 5.1.26100.7920
PSEdition: Desktop
PSCompatibleVersions: 1.0, 2.0, 3.0, 4.0, 5.0, 5.1.26100.7920
BuildVersion: 10.0.26100.7920
CLRVersion: 4.0.30319.42000
WSManStackVersion: 3.0
PSRemotingProtocolVersion: 2.3
SerializationVersion: 1.1.0.1
**********************
Nightly crawler start: 2026-04-14T01:00:03
Running Garmin crawler...
Fetching activity detail 22140545316...
Fetching activity detail 22129380750...
Fetching activity detail 22119281327...
Fetching activity detail 22117315714...
Fetching activity detail 22088421048...
Fetching activity detail 22082787958...
Fetching activity detail 22074499290...
Fetching activity detail 22063578791...
Fetching activity detail 22049495080...
Fetching activity detail 22036980547...
Fetching activity detail 22012530156...
Fetching activity detail 21997114276...
Fetching activity detail 21984865968...
Fetching activity detail 21973182160...
Fetching activity detail 21961387656...
Fetching activity detail 21935652442...
Fetching activity detail 21930067259...
Fetching activity detail 21918199558...
Fetching daily data for 2026-04-06...
Fetching daily data for 2026-04-07...
Fetching daily data for 2026-04-08...
Fetching daily data for 2026-04-09...
Fetching daily data for 2026-04-10...
Fetching daily data for 2026-04-11...
Fetching daily data for 2026-04-12...
Fetching daily data for 2026-04-13...
Export complete: C:\Users\louis\Desktop\buildProject\garmin crawler\exports\2026-04-13T23-00-05-219Z
PS>Erreur de terminaison (Push-Location) : « L’exécution de la commande s’est arrêtée, car la variable de préférence « ErrorActionPreference » ou le paramètre courant a la valeur Stop : Impossible de trouver le chemin d'accès « C:\Users\louis\Desktop\buildProject\portfolio\portFolio », car il n'existe pas. »
**********************
Fin de la transcription Windows PowerShell
Heure de fin : 20260414010029
**********************
