**********************
Début de la transcription Windows PowerShell
Heure de début : 20260316000002
Nom d'utilisateur : ORDI-LOUIS\louis
Utilisateur runAs :  ORDI-LOUIS\louis
Nom de la configuration : 
Ordinateur : ORDI-LOUIS (Microsoft Windows NT 10.0.26200.0)
Application hôte : powershell.exe -NoProfile -ExecutionPolicy Bypass -File C:\Users\louis\Desktop\buildProject\garmin crawler\run-nightly-crawler.ps1
ID de processus : 10000
PSVersion: 5.1.26100.7920
PSEdition: Desktop
PSCompatibleVersions: 1.0, 2.0, 3.0, 4.0, 5.0, 5.1.26100.7920
BuildVersion: 10.0.26100.7920
CLRVersion: 4.0.30319.42000
WSManStackVersion: 3.0
PSRemotingProtocolVersion: 2.3
SerializationVersion: 1.1.0.1
**********************
Nightly crawler start: 2026-03-16T00:00:02
Ensuring Chrome remote debugging session is available...
Chrome s'est lance, mais le port DevTools 9222 n'a pas repondu a temps.
Au caractère C:\Users\louis\Desktop\buildProject\garmin crawler\start-debug-chrome.ps1:63 : 1
+ throw "Chrome s'est lance, mais le port DevTools $Port n'a pas repond ...
+ ~~~~~~~~~~~~~~~~~~~~~~~~~~~~~~~~~~~~~~~~~~~~~~~~~~~~~~~~~~~~~~~~~~~~~
    + CategoryInfo          : OperationStopped: (Chrome s'est la...epondu a temps.:String) [], RuntimeException
    + FullyQualifiedErrorId : Chrome s'est lance, mais le port DevTools 9222 n'a pas repondu a temps.
**********************
Fin de la transcription Windows PowerShell
Heure de fin : 20260316000050
**********************
