**********************
Début de la transcription Windows PowerShell
Heure de début : 20260402010003
Nom d'utilisateur : ORDI-LOUIS\louis
Utilisateur runAs :  ORDI-LOUIS\louis
Nom de la configuration : 
Ordinateur : ORDI-LOUIS (Microsoft Windows NT 10.0.26200.0)
Application hôte : powershell.exe -NoProfile -ExecutionPolicy Bypass -File C:\Users\louis\Desktop\buildProject\garmin crawler\run-nightly-crawler.ps1
ID de processus : 40844
PSVersion: 5.1.26100.7920
PSEdition: Desktop
PSCompatibleVersions: 1.0, 2.0, 3.0, 4.0, 5.0, 5.1.26100.7920
BuildVersion: 10.0.26100.7920
CLRVersion: 4.0.30319.42000
WSManStackVersion: 3.0
PSRemotingProtocolVersion: 2.3
SerializationVersion: 1.1.0.1
**********************
Nightly crawler start: 2026-04-02T01:00:03
Running Garmin crawler...
Fetching activity detail 21984865968...
Fetching activity detail 21973182160...
Fetching activity detail 21961387656...
Fetching activity detail 21935652442...
Fetching activity detail 21930067259...
Fetching activity detail 21918199558...
Fetching activity detail 21910634518...
Fetching activity detail 21896974279...
Fetching activity detail 21887215166...
Fetching activity detail 21865105009...
Fetching activity detail 21862800933...
Fetching activity detail 21848338779...
Fetching activity detail 21837470855...
Fetching activity detail 21825967505...
Fetching activity detail 21817100083...
Fetching activity detail 21802414893...
Fetching activity detail 21794103780...
Fetching activity detail 21792581665...
Fetching daily data for 2026-03-25...
Fetching daily data for 2026-03-26...
Fetching daily data for 2026-03-27...
Fetching daily data for 2026-03-28...
Fetching daily data for 2026-03-29...
Fetching daily data for 2026-03-30...
Fetching daily data for 2026-03-31...
Fetching daily data for 2026-04-01...
Export complete: C:\Users\louis\Desktop\buildProject\garmin crawler\exports\2026-04-01T23-00-05-982Z
PS>Erreur de terminaison (Push-Location) : « L’exécution de la commande s’est arrêtée, car la variable de préférence « ErrorActionPreference » ou le paramètre courant a la valeur Stop : Impossible de trouver le chemin d'accès « C:\Users\louis\Desktop\buildProject\portfolio\portFolio », car il n'existe pas. »
**********************
Fin de la transcription Windows PowerShell
Heure de fin : 20260402010030
**********************
