**********************
Début de la transcription Windows PowerShell
Heure de début : 20260315000002
Nom d'utilisateur : ORDI-LOUIS\louis
Utilisateur runAs :  ORDI-LOUIS\louis
Nom de la configuration : 
Ordinateur : ORDI-LOUIS (Microsoft Windows NT 10.0.26200.0)
Application hôte : powershell.exe -NoProfile -ExecutionPolicy Bypass -File C:\Users\louis\Desktop\buildProject\garmin crawler\run-nightly-crawler.ps1
ID de processus : 108508
PSVersion: 5.1.26100.7705
PSEdition: Desktop
PSCompatibleVersions: 1.0, 2.0, 3.0, 4.0, 5.0, 5.1.26100.7705
BuildVersion: 10.0.26100.7705
CLRVersion: 4.0.30319.42000
WSManStackVersion: 3.0
PSRemotingProtocolVersion: 2.3
SerializationVersion: 1.1.0.1
**********************
Nightly crawler start: 2026-03-15T00:00:02
Ensuring Chrome remote debugging session is available...
Chrome DevTools pret sur le port 9222.
{
   "Browser": "Chrome/145.0.7632.162",
   "Protocol-Version": "1.3",
   "User-Agent": "Mozilla/5.0 (Windows NT 10.0; Win64; x64) AppleWebKit/537.36 (KHTML, like Gecko) Chrome/145.0.0.0 Safa
ri/537.36",
   "V8-Version": "14.5.201.17",
   "WebKit-Version": "537.36 (@82fbbaaf4ddb6ea3830130177ef9201f575a92cf)",
   "webSocketDebuggerUrl": "ws://127.0.0.1:9222/devtools/browser/930138d6-b20f-4a7d-acb7-ebfae33fc359"
}

Le profil Chrome dedie a l'automatisation est: C:\Users\louis\AppData\Local\Google\Chrome\User Data GarminCrawler
Connecte-toi a Garmin dans cette fenetre si necessaire. Ce profil sera reutilise aux prochains lancements.
Running Garmin crawler...

> garmin-crawler@1.0.0 crawl
> node crawler.js --activity-limit 50

Connecting to Chrome on http://127.0.0.1:9222...
Opening Garmin Connect...
Network.enable timed out. Increase the 'protocolTimeout' setting in launch/connect calls for a higher timeout if needed.
**********************
Fin de la transcription Windows PowerShell
Heure de fin : 20260315000307
**********************
