**********************
Début de la transcription Windows PowerShell
Heure de début : 20260320001101
Nom d'utilisateur : ORDI-LOUIS\louis
Utilisateur runAs :  ORDI-LOUIS\louis
Nom de la configuration : 
Ordinateur : ORDI-LOUIS (Microsoft Windows NT 10.0.26200.0)
Application hôte : powershell.exe -NoProfile -ExecutionPolicy Bypass -File C:\Users\louis\Desktop\buildProject\garmin crawler\run-nightly-crawler.ps1
ID de processus : 30456
PSVersion: 5.1.26100.7920
PSEdition: Desktop
PSCompatibleVersions: 1.0, 2.0, 3.0, 4.0, 5.0, 5.1.26100.7920
BuildVersion: 10.0.26100.7920
CLRVersion: 4.0.30319.42000
WSManStackVersion: 3.0
PSRemotingProtocolVersion: 2.3
SerializationVersion: 1.1.0.1
**********************
Nightly crawler start: 2026-03-20T00:11:01
Running Garmin crawler...
Fetching activity detail 21837470855...
Fetching activity detail 21825967505...
Fetching activity detail 21817100083...
Fetching activity detail 21802414893...
Fetching activity detail 21794103780...
Fetching activity detail 21792581665...
Fetching activity detail 21782431401...
Fetching activity detail 21771869808...
Fetching activity detail 21763415719...
Fetching activity detail 21751908125...
Fetching activity detail 21743341285...
Fetching activity detail 21721024770...
Fetching activity detail 21702019220...
Fetching activity detail 21691695276...
Fetching activity detail 21690204315...
Fetching activity detail 21674587488...
Fetching activity detail 21674370369...
Fetching activity detail 21670168661...
Fetching daily data for 2026-03-12...
Fetching daily data for 2026-03-13...
Fetching daily data for 2026-03-14...
Fetching daily data for 2026-03-15...
Fetching daily data for 2026-03-16...
Fetching daily data for 2026-03-17...
Fetching daily data for 2026-03-18...
Fetching daily data for 2026-03-19...
Export complete: C:\Users\louis\Desktop\buildProject\garmin crawler\exports\2026-03-19T23-11-05-578Z
PS>Erreur de terminaison (Push-Location) : « L’exécution de la commande s’est arrêtée, car la variable de préférence « ErrorActionPreference » ou le paramètre courant a la valeur Stop : Impossible de trouver le chemin d'accès « C:\Users\louis\Desktop\buildProject\portfolio\portFolio », car il n'existe pas. »
**********************
Fin de la transcription Windows PowerShell
Heure de fin : 20260320001146
**********************
